WinHacks Toolkit 2.1.0
Inicio: 2026-07-18T04:19:49.882Z
Fin: 2026-07-18T04:19:54.699Z
Estado: OK

===================================
       WINHACKS TOOLKIT v2.1.0
===================================

▶ Build Engine
✔ Build Engine completado

▶ RSS Builder
✔ RSS Builder completado

▶ Sitemap Builder
✔ Sitemap Builder completado

▶ SEO Auditor + Dashboard
✔ SEO Auditor + Dashboard completado

===================================
✔ Toolkit ejecutado correctamente
  Dashboard SEO: reports/index.html
  Historial: reports/history.json
  Log: logs/toolkit.log
===================================

