WinHacks Toolkit 2.6.0
Inicio: 2026-07-18T05:22:12.001Z
Fin: 2026-07-18T05:22:22.890Z
Estado: OK

===================================
       WINHACKS TOOLKIT v2.6.0
===================================

▶ Build Engine
✔ Build Engine completado

▶ RSS Builder
✔ RSS Builder completado

▶ Sitemap Builder
✔ Sitemap Builder completado

▶ SEO Auditor + Dashboard
✔ SEO Auditor + Dashboard completado

▶ GEO Auditor
✔ GEO Auditor completado

▶ Performance Analyzer
✔ Performance Analyzer completado

▶ Knowledge Graph Engine
✔ Knowledge Graph Engine completado

▶ AI Content Planner
✔ AI Content Planner completado

===================================
✔ Toolkit ejecutado correctamente
  Dashboard SEO: reports/index.html
  Historial: reports/history.json
  Log: logs/toolkit.log
===================================

