WinHacks Toolkit 2.5.0
Inicio: 2026-07-18T05:09:04.886Z
Fin: 2026-07-18T05:09:15.397Z
Estado: OK

===================================
       WINHACKS TOOLKIT v2.5.0
===================================

▶ Build Engine
✔ Build Engine completado

▶ RSS Builder
✔ RSS Builder completado

▶ Sitemap Builder
✔ Sitemap Builder completado

▶ SEO Auditor + Dashboard
✔ SEO Auditor + Dashboard completado

▶ GEO Auditor
✔ GEO Auditor completado

▶ Performance Analyzer
✔ Performance Analyzer completado

▶ Knowledge Graph Engine
✔ Knowledge Graph Engine completado

===================================
✔ Toolkit ejecutado correctamente
  Dashboard SEO: reports/index.html
  Historial: reports/history.json
  Log: logs/toolkit.log
===================================

