WinHacks Toolkit 2.2.0
Inicio: 2026-07-18T04:31:52.075Z
Fin: 2026-07-18T04:31:58.692Z
Estado: OK

===================================
       WINHACKS TOOLKIT v2.2.0
===================================

▶ Build Engine
✔ Build Engine completado

▶ RSS Builder
✔ RSS Builder completado

▶ Sitemap Builder
✔ Sitemap Builder completado

▶ SEO Auditor + Dashboard
✔ SEO Auditor + Dashboard completado

▶ GEO Auditor
✔ GEO Auditor completado

===================================
✔ Toolkit ejecutado correctamente
  Dashboard SEO: reports/index.html
  Historial: reports/history.json
  Log: logs/toolkit.log
===================================

