WinHacks Toolkit 2.3.0
Inicio: 2026-07-18T04:43:53.699Z
Fin: 2026-07-18T04:44:01.122Z
Estado: OK

===================================
       WINHACKS TOOLKIT v2.3.0
===================================

▶ Build Engine
✔ Build Engine completado

▶ RSS Builder
✔ RSS Builder completado

▶ Sitemap Builder
✔ Sitemap Builder completado

▶ SEO Auditor + Dashboard
✔ SEO Auditor + Dashboard completado

▶ GEO Auditor
✔ GEO Auditor completado

▶ Performance Analyzer
✔ Performance Analyzer completado

===================================
✔ Toolkit ejecutado correctamente
  Dashboard SEO: reports/index.html
  Historial: reports/history.json
  Log: logs/toolkit.log
===================================

